<?xml version="1.0" encoding="UTF-8"?>
<!-- Generated by org.testng.reporters.JUnitXMLReporter -->
<testsuite ignored="0" hostname="DESKTOP-CSVFDDF" failures="0" tests="3" name="Default test" time="12.901" errors="0" timestamp="2023-05-03T12:34:01 IST">
  <testcase classname="com.vtiger.tests.LoginTest" name="InvalidLoginTC01" time="3.097"/>
  <testcase classname="com.vtiger.tests.LoginTest" name="validLoginTC02" time="9.461"/>
  <testcase classname="com.vtiger.tests.LoginTest" name="verifyLogoTC03" time="0.293"/>
</testsuite> <!-- Default test -->
