<?xml version="1.0" encoding="UTF-8"?>
<testng-results ignored="0" total="3" passed="3" failed="0" skipped="0">
  <reporter-output>
  </reporter-output>
  <suite started-at="2023-05-03T12:33:48 IST" name="Default suite" finished-at="2023-05-03T12:34:01 IST" duration-ms="12901">
    <groups>
    </groups>
    <test started-at="2023-05-03T12:33:48 IST" name="Default test" finished-at="2023-05-03T12:34:01 IST" duration-ms="12901">
      <class name="com.vtiger.tests.LoginTest">
        <test-method is-config="true" signature="initiation()[pri:0, instance:com.vtiger.tests.LoginTest@50ad3bc1]" started-at="2023-05-03T12:33:37 IST" name="initiation" finished-at="2023-05-03T12:33:48 IST" duration-ms="11045" status="PASS">
          <reporter-output>
          </reporter-output>
        </test-method> <!-- initiation -->
        <test-method signature="InvalidLoginTC01()[pri:0, instance:com.vtiger.tests.LoginTest@50ad3bc1]" started-at="2023-05-03T12:33:48 IST" name="InvalidLoginTC01" finished-at="2023-05-03T12:33:51 IST" duration-ms="3097" status="PASS">
          <reporter-output>
          </reporter-output>
        </test-method> <!-- InvalidLoginTC01 -->
        <test-method signature="validLoginTC02()[pri:0, instance:com.vtiger.tests.LoginTest@50ad3bc1]" started-at="2023-05-03T12:33:51 IST" name="validLoginTC02" finished-at="2023-05-03T12:34:01 IST" duration-ms="9461" status="PASS">
          <reporter-output>
          </reporter-output>
        </test-method> <!-- validLoginTC02 -->
        <test-method signature="verifyLogoTC03()[pri:0, instance:com.vtiger.tests.LoginTest@50ad3bc1]" started-at="2023-05-03T12:34:01 IST" name="verifyLogoTC03" finished-at="2023-05-03T12:34:01 IST" duration-ms="293" status="PASS">
          <reporter-output>
          </reporter-output>
        </test-method> <!-- verifyLogoTC03 -->
        <test-method is-config="true" signature="tierdown()[pri:0, instance:com.vtiger.tests.LoginTest@50ad3bc1]" started-at="2023-05-03T12:34:01 IST" name="tierdown" finished-at="2023-05-03T12:34:01 IST" duration-ms="521" status="PASS">
          <reporter-output>
          </reporter-output>
        </test-method> <!-- tierdown -->
      </class> <!-- com.vtiger.tests.LoginTest -->
    </test> <!-- Default test -->
  </suite> <!-- Default suite -->
</testng-results>
